MAKEFILE MAKECMDGOALS=waf.bootloader-NoOS-MurataType1LD OTA2_SUPPORT is disabled
waf.bootloader-NoOS-MurataType1LD
----------------------------------|---------|---------|
                                  |         |  Static |
              Module              |  Flash  |   RAM   |
----------------------------------+---------+---------|
App                               |       0 |       0 |
crc                               |       0 |       0 |
Host MCU-family library           |       0 |    8332 |
Interrupt Vectors                 |       0 |       0 |
libc                              |       0 |       0 |
platform                          |       0 |      76 |
RAM Initialisation                |      20 |       0 |
Ring_Buffer                       |       0 |       0 |
SPI_Flash_Library_MurataType1LD   |       0 |       0 |
WWD                               |       0 |       4 |
----------------------------------+---------+---------|
TOTAL (bytes)                     |       0 |   16824 |
----------------------------------|---------|---------|

Build complete
